2023-07-11 00:43:40,638 [INFO] Creando la conexión a la base de datos...
2023-07-11 00:43:40,641 [INFO] SERVIDOR: DESKTOP-T053MJ4\MSSQLSERVER,1433 | DRIVER: ODBC+Driver+17+for+SQL+Server | BASE DE DATOS: PI_JT
2023-07-11 00:43:41,098 [INFO] Conexión exitosa!
2023-07-11 00:43:41,130 [INFO] Creando la tabla NUEVAS_FILAS...
2023-07-11 00:43:41,147 [INFO] Tabla NUEVAS_FILAS creada con éxito!
2023-07-11 00:43:41,167 [INFO] Creando la tabla NUEVAS_FILAS_STG...
2023-07-11 00:43:41,179 [INFO] Tabla NUEVAS_FILAS_STG creada con éxito!
2023-07-11 00:55:39,508 [INFO] Creando la conexión a la base de datos...
2023-07-11 00:55:39,512 [INFO] SERVIDOR: DESKTOP-T053MJ4\MSSQLSERVER,1433 | DRIVER: ODBC+Driver+17+for+SQL+Server | BASE DE DATOS: PI_JT
2023-07-11 00:55:39,927 [INFO] Conexión exitosa!
2023-07-11 00:55:39,928 [INFO] Truncando la tabla NUEVOS_DATOS_SQL...
2023-07-11 00:55:39,948 [INFO] Tabla NUEVOS_DATOS_SQL truncada con éxito!
2023-07-11 00:55:39,950 [INFO] Truncando la tabla NUEVAS_FILAS_STG...
2023-07-11 00:55:39,954 [INFO] Tabla NUEVAS_FILAS_STG truncada con éxito!
2023-07-11 00:55:39,956 [INFO] Leyendo datos desde la fuente...
2023-07-11 00:55:43,228 [INFO] Datos importados exitosamente hacia la tabla NUEVOS_DATOS_SQL
2023-07-11 00:55:43,230 [INFO] Insertando nuevos registros en la tabla NUEVAS_FILAS_STG...
2023-07-11 00:55:43,278 [INFO] Reguistros insertados: 300 -> Tabla NUEVAS_FILAS_STG
2023-07-11 00:55:43,279 [INFO] Merge NUEVAS_FILAS_STG -> NUEVAS_FILAS...
2023-07-11 00:55:43,379 [INFO] Registros insertados/actualizados: 300 -> Tabla NUEVAS_FILAS
2023-07-11 00:55:43,380 [INFO] Truncando la tabla NUEVOS_DATOS_SQL...
2023-07-11 00:55:43,385 [INFO] Tabla NUEVOS_DATOS_SQL truncada con éxito!
2023-07-11 00:55:43,386 [INFO] Truncando la tabla NUEVAS_FILAS_STG...
2023-07-11 00:55:43,391 [INFO] Tabla NUEVAS_FILAS_STG truncada con éxito!
2023-07-11 01:01:03,666 [INFO] Creando la conexión a la base de datos...
2023-07-11 01:01:03,668 [INFO] SERVIDOR: DESKTOP-T053MJ4\MSSQLSERVER,1433 | DRIVER: ODBC+Driver+17+for+SQL+Server | BASE DE DATOS: PI_JT
2023-07-11 01:01:04,062 [INFO] Conexión exitosa!
2023-07-11 01:01:04,062 [INFO] Truncando la tabla NUEVOS_DATOS_SQL...
2023-07-11 01:01:04,080 [INFO] Tabla NUEVOS_DATOS_SQL truncada con éxito!
2023-07-11 01:01:04,081 [INFO] Truncando la tabla NUEVAS_FILAS_STG...
2023-07-11 01:01:04,088 [INFO] Tabla NUEVAS_FILAS_STG truncada con éxito!
2023-07-11 01:01:04,089 [INFO] Leyendo datos desde la fuente...
2023-07-11 01:01:07,085 [INFO] Datos importados exitosamente hacia la tabla NUEVOS_DATOS_SQL
2023-07-11 01:01:07,086 [INFO] Insertando nuevos registros en la tabla NUEVAS_FILAS_STG...
2023-07-11 01:01:07,111 [INFO] Reguistros insertados: 300 -> Tabla NUEVAS_FILAS_STG
2023-07-11 01:01:07,111 [INFO] Merge NUEVAS_FILAS_STG -> NUEVAS_FILAS...
2023-07-11 01:01:07,176 [INFO] Registros insertados/actualizados: 300 -> Tabla NUEVAS_FILAS
2023-07-11 01:01:07,177 [INFO] Truncando la tabla NUEVOS_DATOS_SQL...
2023-07-11 01:01:07,179 [INFO] Tabla NUEVOS_DATOS_SQL truncada con éxito!
2023-07-11 01:01:07,180 [INFO] Truncando la tabla NUEVAS_FILAS_STG...
2023-07-11 01:01:07,183 [INFO] Tabla NUEVAS_FILAS_STG truncada con éxito!
2023-07-11 14:40:28,205 [INFO] Creando la conexión a la base de datos...
2023-07-11 14:40:28,205 [INFO] SERVIDOR: DESKTOP-T053MJ4\MSSQLSERVER,1433 | DRIVER: ODBC+Driver+17+for+SQL+Server | BASE DE DATOS: PI_JT
2023-07-11 14:40:28,455 [INFO] Conexión exitosa!
2023-07-11 14:40:28,474 [INFO] Creando la tabla NUEVAS_FILAS...
2023-07-11 14:40:28,479 [INFO] Tabla NUEVAS_FILAS creada con éxito!
2023-07-11 14:40:28,485 [INFO] Creando la tabla NUEVAS_FILAS_STG...
2023-07-11 14:40:28,489 [INFO] Tabla NUEVAS_FILAS_STG creada con éxito!
2023-07-11 14:40:42,917 [INFO] Creando la conexión a la base de datos...
2023-07-11 14:40:42,917 [INFO] SERVIDOR: DESKTOP-T053MJ4\MSSQLSERVER,1433 | DRIVER: ODBC+Driver+17+for+SQL+Server | BASE DE DATOS: PI_JT
2023-07-11 14:40:43,069 [INFO] Conexión exitosa!
2023-07-11 14:40:43,081 [INFO] Creando la tabla NUEVAS_FILAS...
2023-07-11 14:40:43,085 [INFO] Tabla NUEVAS_FILAS creada con éxito!
2023-07-11 14:40:43,087 [INFO] Creando la tabla NUEVAS_FILAS_STG...
2023-07-11 14:40:43,090 [INFO] Tabla NUEVAS_FILAS_STG creada con éxito!
2023-07-11 14:40:54,390 [INFO] Creando la conexión a la base de datos...
2023-07-11 14:40:54,390 [INFO] SERVIDOR: DESKTOP-T053MJ4\MSSQLSERVER,1433 | DRIVER: ODBC+Driver+17+for+SQL+Server | BASE DE DATOS: PI_JT
2023-07-11 14:40:54,475 [INFO] Conexión exitosa!
2023-07-11 14:40:54,480 [INFO] Creando la tabla NUEVAS_FILAS...
2023-07-11 14:40:54,484 [INFO] Tabla NUEVAS_FILAS creada con éxito!
2023-07-11 14:40:54,488 [INFO] Creando la tabla NUEVAS_FILAS_STG...
2023-07-11 14:40:54,494 [INFO] Tabla NUEVAS_FILAS_STG creada con éxito!
2023-07-11 14:41:03,817 [INFO] Creando la conexión a la base de datos...
2023-07-11 14:41:03,817 [INFO] SERVIDOR: DESKTOP-T053MJ4\MSSQLSERVER,1433 | DRIVER: ODBC+Driver+17+for+SQL+Server | BASE DE DATOS: PI_JT
2023-07-11 14:41:03,894 [INFO] Conexión exitosa!
2023-07-11 14:41:03,898 [INFO] Creando la tabla NUEVAS_FILAS...
2023-07-11 14:41:03,900 [INFO] Tabla NUEVAS_FILAS creada con éxito!
2023-07-11 14:41:03,904 [INFO] Creando la tabla NUEVAS_FILAS_STG...
2023-07-11 14:41:03,909 [INFO] Tabla NUEVAS_FILAS_STG creada con éxito!
2023-07-11 14:41:56,761 [INFO] Creando la conexión a la base de datos...
2023-07-11 14:41:56,761 [INFO] SERVIDOR: DESKTOP-T053MJ4\MSSQLSERVER,1433 | DRIVER: ODBC+Driver+17+for+SQL+Server | BASE DE DATOS: PI_JT
2023-07-11 14:41:56,930 [INFO] Conexión exitosa!
2023-07-11 14:41:56,955 [INFO] Creando la tabla NUEVAS_FILAS...
2023-07-11 14:41:56,961 [INFO] Tabla NUEVAS_FILAS creada con éxito!
2023-07-11 14:41:56,963 [INFO] Creando la tabla NUEVAS_FILAS_STG...
2023-07-11 14:41:56,966 [INFO] Tabla NUEVAS_FILAS_STG creada con éxito!
2023-07-11 14:46:02,893 [INFO] Creando la conexión a la base de datos...
2023-07-11 14:46:02,893 [INFO] SERVIDOR: DESKTOP-T053MJ4\MSSQLSERVER,1433 | DRIVER: ODBC+Driver+17+for+SQL+Server | BASE DE DATOS: PI_JT
2023-07-11 14:46:03,072 [INFO] Conexión exitosa!
2023-07-11 14:46:03,093 [INFO] Creando la tabla NUEVAS_FILAS...
2023-07-11 14:46:03,098 [INFO] Tabla NUEVAS_FILAS creada con éxito!
2023-07-11 14:46:03,100 [INFO] Creando la tabla NUEVAS_FILAS_STG...
2023-07-11 14:46:03,103 [INFO] Tabla NUEVAS_FILAS_STG creada con éxito!
2023-07-11 14:50:43,078 [INFO] Creando la conexión a la base de datos...
2023-07-11 14:50:43,078 [INFO] SERVIDOR: DESKTOP-T053MJ4\MSSQLSERVER,1433 | DRIVER: ODBC+Driver+17+for+SQL+Server | BASE DE DATOS: PI_JT
2023-07-11 14:50:43,263 [INFO] Conexión exitosa!
2023-07-11 14:50:43,278 [INFO] Creando la tabla NUEVAS_FILAS...
2023-07-11 14:50:43,282 [INFO] Tabla NUEVAS_FILAS creada con éxito!
2023-07-11 14:50:43,285 [INFO] Creando la tabla NUEVAS_FILAS_STG...
2023-07-11 14:50:43,288 [INFO] Tabla NUEVAS_FILAS_STG creada con éxito!
2023-07-11 14:51:27,121 [INFO] Creando la conexión a la base de datos...
2023-07-11 14:51:27,121 [INFO] SERVIDOR: DESKTOP-T053MJ4\MSSQLSERVER,1433 | DRIVER: ODBC+Driver+17+for+SQL+Server | BASE DE DATOS: PI_JT
2023-07-11 14:51:27,285 [INFO] Conexión exitosa!
2023-07-11 14:51:27,303 [INFO] Creando la tabla NUEVAS_FILAS...
2023-07-11 14:51:27,311 [INFO] Tabla NUEVAS_FILAS creada con éxito!
2023-07-11 14:51:27,316 [INFO] Creando la tabla NUEVAS_FILAS_STG...
2023-07-11 14:51:27,319 [INFO] Tabla NUEVAS_FILAS_STG creada con éxito!
2023-07-11 14:53:53,505 [INFO] Creando la conexión a la base de datos...
2023-07-11 14:53:53,505 [INFO] SERVIDOR: DESKTOP-T053MJ4\MSSQLSERVER,1433 | DRIVER: ODBC+Driver+17+for+SQL+Server | BASE DE DATOS: PI_JT
2023-07-11 14:53:53,645 [INFO] Conexión exitosa!
2023-07-11 14:53:53,669 [INFO] Creando la tabla NUEVAS_FILAS...
2023-07-11 14:53:53,674 [INFO] Tabla NUEVAS_FILAS creada con éxito!
2023-07-11 14:53:53,677 [INFO] Creando la tabla NUEVAS_FILAS_STG...
2023-07-11 14:53:53,680 [INFO] Tabla NUEVAS_FILAS_STG creada con éxito!
2023-07-11 14:54:02,488 [INFO] Creando la conexión a la base de datos...
2023-07-11 14:54:02,489 [INFO] SERVIDOR: DESKTOP-T053MJ4\MSSQLSERVER,1433 | DRIVER: ODBC+Driver+17+for+SQL+Server | BASE DE DATOS: PI_JT
2023-07-11 14:54:02,558 [INFO] Conexión exitosa!
2023-07-11 14:54:02,562 [INFO] Creando la tabla NUEVAS_FILAS...
2023-07-11 14:54:02,570 [INFO] Tabla NUEVAS_FILAS creada con éxito!
2023-07-11 14:54:02,573 [INFO] Creando la tabla NUEVAS_FILAS_STG...
2023-07-11 14:54:02,576 [INFO] Tabla NUEVAS_FILAS_STG creada con éxito!
2023-07-11 14:54:42,581 [INFO] Creando la conexión a la base de datos...
2023-07-11 14:54:42,581 [INFO] SERVIDOR: DESKTOP-T053MJ4\MSSQLSERVER,1433 | DRIVER: ODBC+Driver+17+for+SQL+Server | BASE DE DATOS: PI_JT
2023-07-11 14:54:42,736 [INFO] Conexión exitosa!
2023-07-11 14:54:42,762 [INFO] Creando la tabla NUEVAS_FILAS...
2023-07-11 14:54:42,766 [INFO] Tabla NUEVAS_FILAS creada con éxito!
2023-07-11 14:54:42,769 [INFO] Creando la tabla NUEVAS_FILAS_STG...
2023-07-11 14:54:42,773 [INFO] Tabla NUEVAS_FILAS_STG creada con éxito!
2023-07-11 14:54:50,951 [INFO] Creando la conexión a la base de datos...
2023-07-11 14:54:50,951 [INFO] SERVIDOR: DESKTOP-T053MJ4\MSSQLSERVER,1433 | DRIVER: ODBC+Driver+17+for+SQL+Server | BASE DE DATOS: PI_JT
2023-07-11 14:54:51,135 [INFO] Conexión exitosa!
2023-07-11 14:54:51,152 [INFO] Creando la tabla NUEVAS_FILAS...
2023-07-11 14:54:51,156 [INFO] Tabla NUEVAS_FILAS creada con éxito!
2023-07-11 14:54:51,158 [INFO] Creando la tabla NUEVAS_FILAS_STG...
2023-07-11 14:54:51,161 [INFO] Tabla NUEVAS_FILAS_STG creada con éxito!
2023-07-11 14:55:11,781 [INFO] Creando la conexión a la base de datos...
2023-07-11 14:55:11,781 [INFO] SERVIDOR: DESKTOP-T053MJ4\MSSQLSERVER,1433 | DRIVER: ODBC+Driver+17+for+SQL+Server | BASE DE DATOS: PI_JT
2023-07-11 14:55:11,862 [INFO] Conexión exitosa!
2023-07-11 14:55:11,868 [INFO] Creando la tabla NUEVAS_FILAS...
2023-07-11 14:55:11,872 [INFO] Tabla NUEVAS_FILAS creada con éxito!
2023-07-11 14:55:11,875 [INFO] Creando la tabla NUEVAS_FILAS_STG...
2023-07-11 14:55:11,878 [INFO] Tabla NUEVAS_FILAS_STG creada con éxito!
2023-07-11 14:56:42,290 [INFO] Creando la conexión a la base de datos...
2023-07-11 14:56:42,290 [INFO] SERVIDOR: DESKTOP-T053MJ4\MSSQLSERVER,1433 | DRIVER: ODBC+Driver+17+for+SQL+Server | BASE DE DATOS: PI_JT
2023-07-11 14:56:42,446 [INFO] Conexión exitosa!
2023-07-11 14:56:42,469 [INFO] Creando la tabla NUEVAS_FILAS...
2023-07-11 14:56:42,473 [INFO] Tabla NUEVAS_FILAS creada con éxito!
2023-07-11 14:56:42,475 [INFO] Creando la tabla NUEVAS_FILAS_STG...
2023-07-11 14:56:42,478 [INFO] Tabla NUEVAS_FILAS_STG creada con éxito!
2023-07-11 14:58:18,837 [INFO] Creando la conexión a la base de datos...
2023-07-11 14:58:18,837 [INFO] SERVIDOR: DESKTOP-T053MJ4\MSSQLSERVER,1433 | DRIVER: ODBC+Driver+17+for+SQL+Server | BASE DE DATOS: PI_JT
2023-07-11 14:58:19,013 [INFO] Conexión exitosa!
2023-07-11 14:58:19,030 [INFO] Creando la tabla NUEVAS_FILAS...
2023-07-11 14:58:19,034 [INFO] Tabla NUEVAS_FILAS creada con éxito!
2023-07-11 14:58:19,037 [INFO] Creando la tabla NUEVAS_FILAS_STG...
2023-07-11 14:58:19,040 [INFO] Tabla NUEVAS_FILAS_STG creada con éxito!
2023-07-11 14:58:53,687 [INFO] Creando la conexión a la base de datos...
2023-07-11 14:58:53,687 [INFO] SERVIDOR: DESKTOP-T053MJ4\MSSQLSERVER,1433 | DRIVER: ODBC+Driver+17+for+SQL+Server | BASE DE DATOS: PI_JT
2023-07-11 14:58:53,772 [INFO] Conexión exitosa!
2023-07-11 14:58:53,776 [INFO] Creando la tabla NUEVAS_FILAS...
2023-07-11 14:58:53,778 [INFO] Tabla NUEVAS_FILAS creada con éxito!
2023-07-11 14:58:53,784 [INFO] Creando la tabla NUEVAS_FILAS_STG...
2023-07-11 14:58:53,786 [INFO] Tabla NUEVAS_FILAS_STG creada con éxito!
2023-07-11 14:59:16,251 [INFO] Creando la conexión a la base de datos...
2023-07-11 14:59:16,251 [INFO] SERVIDOR: DESKTOP-T053MJ4\MSSQLSERVER,1433 | DRIVER: ODBC+Driver+17+for+SQL+Server | BASE DE DATOS: PI_JT
2023-07-11 14:59:16,434 [INFO] Conexión exitosa!
2023-07-11 14:59:16,455 [INFO] Creando la tabla NUEVAS_FILAS...
2023-07-11 14:59:16,459 [INFO] Tabla NUEVAS_FILAS creada con éxito!
2023-07-11 14:59:16,461 [INFO] Creando la tabla NUEVAS_FILAS_STG...
2023-07-11 14:59:16,464 [INFO] Tabla NUEVAS_FILAS_STG creada con éxito!
2023-07-11 14:59:35,312 [INFO] Creando la conexión a la base de datos...
2023-07-11 14:59:35,312 [INFO] SERVIDOR: DESKTOP-T053MJ4\MSSQLSERVER,1433 | DRIVER: ODBC+Driver+17+for+SQL+Server | BASE DE DATOS: PI_JT
2023-07-11 14:59:35,402 [INFO] Conexión exitosa!
2023-07-11 14:59:35,407 [INFO] Creando la tabla NUEVAS_FILAS...
2023-07-11 14:59:35,410 [INFO] Tabla NUEVAS_FILAS creada con éxito!
2023-07-11 14:59:35,413 [INFO] Creando la tabla NUEVAS_FILAS_STG...
2023-07-11 14:59:35,417 [INFO] Tabla NUEVAS_FILAS_STG creada con éxito!
2023-07-11 14:59:55,961 [INFO] Creando la conexión a la base de datos...
2023-07-11 14:59:55,961 [INFO] SERVIDOR: DESKTOP-T053MJ4\MSSQLSERVER,1433 | DRIVER: ODBC+Driver+17+for+SQL+Server | BASE DE DATOS: PI_JT
2023-07-11 14:59:56,042 [INFO] Conexión exitosa!
2023-07-11 14:59:56,048 [INFO] Creando la tabla NUEVAS_FILAS...
2023-07-11 14:59:56,053 [INFO] Tabla NUEVAS_FILAS creada con éxito!
2023-07-11 14:59:56,056 [INFO] Creando la tabla NUEVAS_FILAS_STG...
2023-07-11 14:59:56,058 [INFO] Tabla NUEVAS_FILAS_STG creada con éxito!
2023-07-11 15:00:08,288 [INFO] Creando la conexión a la base de datos...
2023-07-11 15:00:08,288 [INFO] SERVIDOR: DESKTOP-T053MJ4\MSSQLSERVER,1433 | DRIVER: ODBC+Driver+17+for+SQL+Server | BASE DE DATOS: PI_JT
2023-07-11 15:00:08,399 [INFO] Conexión exitosa!
2023-07-11 15:00:08,404 [INFO] Creando la tabla NUEVAS_FILAS...
2023-07-11 15:00:08,409 [INFO] Tabla NUEVAS_FILAS creada con éxito!
2023-07-11 15:00:08,417 [INFO] Creando la tabla NUEVAS_FILAS_STG...
2023-07-11 15:00:08,422 [INFO] Tabla NUEVAS_FILAS_STG creada con éxito!
2023-07-11 15:00:32,598 [INFO] Creando la conexión a la base de datos...
2023-07-11 15:00:32,598 [INFO] SERVIDOR: DESKTOP-T053MJ4\MSSQLSERVER,1433 | DRIVER: ODBC+Driver+17+for+SQL+Server | BASE DE DATOS: PI_JT
2023-07-11 15:00:32,752 [INFO] Conexión exitosa!
2023-07-11 15:00:32,768 [INFO] Creando la tabla NUEVAS_FILAS...
2023-07-11 15:00:32,772 [INFO] Tabla NUEVAS_FILAS creada con éxito!
2023-07-11 15:00:32,775 [INFO] Creando la tabla NUEVAS_FILAS_STG...
2023-07-11 15:00:32,778 [INFO] Tabla NUEVAS_FILAS_STG creada con éxito!
2023-07-11 15:01:23,476 [INFO] Creando la conexión a la base de datos...
2023-07-11 15:01:23,476 [INFO] SERVIDOR: DESKTOP-T053MJ4\MSSQLSERVER,1433 | DRIVER: ODBC+Driver+17+for+SQL+Server | BASE DE DATOS: PI_JT
2023-07-11 15:01:23,675 [INFO] Conexión exitosa!
2023-07-11 15:01:23,691 [INFO] Creando la tabla NUEVAS_FILAS...
2023-07-11 15:01:23,696 [INFO] Tabla NUEVAS_FILAS creada con éxito!
2023-07-11 15:01:23,699 [INFO] Creando la tabla NUEVAS_FILAS_STG...
2023-07-11 15:01:23,701 [INFO] Tabla NUEVAS_FILAS_STG creada con éxito!
2023-07-11 15:01:32,390 [INFO] Creando la conexión a la base de datos...
2023-07-11 15:01:32,390 [INFO] SERVIDOR: DESKTOP-T053MJ4\MSSQLSERVER,1433 | DRIVER: ODBC+Driver+17+for+SQL+Server | BASE DE DATOS: PI_JT
2023-07-11 15:01:32,465 [INFO] Conexión exitosa!
2023-07-11 15:01:32,472 [INFO] Creando la tabla NUEVAS_FILAS...
2023-07-11 15:01:32,475 [INFO] Tabla NUEVAS_FILAS creada con éxito!
2023-07-11 15:01:32,481 [INFO] Creando la tabla NUEVAS_FILAS_STG...
2023-07-11 15:01:32,484 [INFO] Tabla NUEVAS_FILAS_STG creada con éxito!
2023-07-11 15:02:33,342 [INFO] Creando la conexión a la base de datos...
2023-07-11 15:02:33,343 [INFO] SERVIDOR: DESKTOP-T053MJ4\MSSQLSERVER,1433 | DRIVER: ODBC+Driver+17+for+SQL+Server | BASE DE DATOS: PI_JT
2023-07-11 15:02:33,495 [INFO] Conexión exitosa!
2023-07-11 15:02:33,517 [INFO] Creando la tabla NUEVAS_FILAS...
2023-07-11 15:02:33,522 [INFO] Tabla NUEVAS_FILAS creada con éxito!
2023-07-11 15:02:33,525 [INFO] Creando la tabla NUEVAS_FILAS_STG...
2023-07-11 15:02:33,527 [INFO] Tabla NUEVAS_FILAS_STG creada con éxito!
2023-07-11 15:03:32,134 [INFO] Creando la conexión a la base de datos...
2023-07-11 15:03:32,134 [INFO] SERVIDOR: DESKTOP-T053MJ4\MSSQLSERVER,1433 | DRIVER: ODBC+Driver+17+for+SQL+Server | BASE DE DATOS: PI_JT
2023-07-11 15:03:32,303 [INFO] Conexión exitosa!
2023-07-11 15:03:32,328 [INFO] Creando la tabla NUEVAS_FILAS...
2023-07-11 15:03:32,339 [INFO] Tabla NUEVAS_FILAS creada con éxito!
2023-07-11 15:03:32,359 [INFO] Creando la tabla NUEVAS_FILAS_STG...
2023-07-11 15:03:32,367 [INFO] Tabla NUEVAS_FILAS_STG creada con éxito!
2023-07-11 15:03:48,834 [INFO] Creando la conexión a la base de datos...
2023-07-11 15:03:48,834 [INFO] SERVIDOR: DESKTOP-T053MJ4\MSSQLSERVER,1433 | DRIVER: ODBC+Driver+17+for+SQL+Server | BASE DE DATOS: PI_JT
2023-07-11 15:03:48,999 [INFO] Conexión exitosa!
2023-07-11 15:03:49,014 [INFO] Creando la tabla NUEVAS_FILAS...
2023-07-11 15:03:49,019 [INFO] Tabla NUEVAS_FILAS creada con éxito!
2023-07-11 15:03:49,022 [INFO] Creando la tabla NUEVAS_FILAS_STG...
2023-07-11 15:03:49,024 [INFO] Tabla NUEVAS_FILAS_STG creada con éxito!
2023-07-11 15:06:05,514 [INFO] Creando la conexión a la base de datos...
2023-07-11 15:06:05,514 [INFO] SERVIDOR: DESKTOP-T053MJ4\MSSQLSERVER,1433 | DRIVER: ODBC+Driver+17+for+SQL+Server | BASE DE DATOS: PI_JT
2023-07-11 15:06:05,690 [INFO] Conexión exitosa!
2023-07-11 15:06:05,708 [INFO] Creando la tabla NUEVAS_FILAS...
2023-07-11 15:06:05,712 [INFO] Tabla NUEVAS_FILAS creada con éxito!
2023-07-11 15:06:05,715 [INFO] Creando la tabla NUEVAS_FILAS_STG...
2023-07-11 15:06:05,718 [INFO] Tabla NUEVAS_FILAS_STG creada con éxito!
2023-07-11 15:06:25,049 [INFO] Creando la conexión a la base de datos...
2023-07-11 15:06:25,049 [INFO] SERVIDOR: DESKTOP-T053MJ4\MSSQLSERVER,1433 | DRIVER: ODBC+Driver+17+for+SQL+Server | BASE DE DATOS: PI_JT
2023-07-11 15:06:25,137 [INFO] Conexión exitosa!
2023-07-11 15:06:25,144 [INFO] Creando la tabla NUEVAS_FILAS...
2023-07-11 15:06:25,148 [INFO] Tabla NUEVAS_FILAS creada con éxito!
2023-07-11 15:06:25,151 [INFO] Creando la tabla NUEVAS_FILAS_STG...
2023-07-11 15:06:25,154 [INFO] Tabla NUEVAS_FILAS_STG creada con éxito!
2023-07-11 15:06:52,145 [INFO] Creando la conexión a la base de datos...
2023-07-11 15:06:52,145 [INFO] SERVIDOR: DESKTOP-T053MJ4\MSSQLSERVER,1433 | DRIVER: ODBC+Driver+17+for+SQL+Server | BASE DE DATOS: PI_JT
2023-07-11 15:06:52,327 [INFO] Conexión exitosa!
2023-07-11 15:06:52,344 [INFO] Creando la tabla NUEVAS_FILAS...
2023-07-11 15:06:52,349 [INFO] Tabla NUEVAS_FILAS creada con éxito!
2023-07-11 15:06:52,352 [INFO] Creando la tabla NUEVAS_FILAS_STG...
2023-07-11 15:06:52,356 [INFO] Tabla NUEVAS_FILAS_STG creada con éxito!
2023-07-11 15:07:03,278 [INFO] Creando la conexión a la base de datos...
2023-07-11 15:07:03,278 [INFO] SERVIDOR: DESKTOP-T053MJ4\MSSQLSERVER,1433 | DRIVER: ODBC+Driver+17+for+SQL+Server | BASE DE DATOS: PI_JT
2023-07-11 15:07:03,356 [INFO] Conexión exitosa!
2023-07-11 15:07:03,361 [INFO] Creando la tabla NUEVAS_FILAS...
2023-07-11 15:07:03,364 [INFO] Tabla NUEVAS_FILAS creada con éxito!
2023-07-11 15:07:03,369 [INFO] Creando la tabla NUEVAS_FILAS_STG...
2023-07-11 15:07:03,372 [INFO] Tabla NUEVAS_FILAS_STG creada con éxito!
2023-07-11 15:08:26,977 [INFO] Creando la conexión a la base de datos...
2023-07-11 15:08:26,977 [INFO] SERVIDOR: DESKTOP-T053MJ4\MSSQLSERVER,1433 | DRIVER: ODBC+Driver+17+for+SQL+Server | BASE DE DATOS: PI_JT
2023-07-11 15:08:27,150 [INFO] Conexión exitosa!
2023-07-11 15:08:27,165 [INFO] Creando la tabla NUEVAS_FILAS...
2023-07-11 15:08:27,170 [INFO] Tabla NUEVAS_FILAS creada con éxito!
2023-07-11 15:08:27,172 [INFO] Creando la tabla NUEVAS_FILAS_STG...
2023-07-11 15:08:27,175 [INFO] Tabla NUEVAS_FILAS_STG creada con éxito!
2023-07-11 15:09:25,909 [INFO] Creando la conexión a la base de datos...
2023-07-11 15:09:25,910 [INFO] SERVIDOR: DESKTOP-T053MJ4\MSSQLSERVER,1433 | DRIVER: ODBC+Driver+17+for+SQL+Server | BASE DE DATOS: PI_JT
2023-07-11 15:09:26,070 [INFO] Conexión exitosa!
2023-07-11 15:09:26,092 [INFO] Creando la tabla NUEVAS_FILAS...
2023-07-11 15:09:26,098 [INFO] Tabla NUEVAS_FILAS creada con éxito!
2023-07-11 15:09:26,100 [INFO] Creando la tabla NUEVAS_FILAS_STG...
2023-07-11 15:09:26,103 [INFO] Tabla NUEVAS_FILAS_STG creada con éxito!
2023-07-11 15:11:08,441 [INFO] Creando la conexión a la base de datos...
2023-07-11 15:11:08,441 [INFO] SERVIDOR: DESKTOP-T053MJ4\MSSQLSERVER,1433 | DRIVER: ODBC+Driver+17+for+SQL+Server | BASE DE DATOS: PI_JT
2023-07-11 15:11:08,591 [INFO] Conexión exitosa!
2023-07-11 15:11:08,612 [INFO] Creando la tabla NUEVAS_FILAS...
2023-07-11 15:11:08,616 [INFO] Tabla NUEVAS_FILAS creada con éxito!
2023-07-11 15:11:08,618 [INFO] Creando la tabla NUEVAS_FILAS_STG...
2023-07-11 15:11:08,620 [INFO] Tabla NUEVAS_FILAS_STG creada con éxito!
2023-07-11 15:11:19,578 [INFO] Creando la conexión a la base de datos...
2023-07-11 15:11:19,578 [INFO] SERVIDOR: DESKTOP-T053MJ4\MSSQLSERVER,1433 | DRIVER: ODBC+Driver+17+for+SQL+Server | BASE DE DATOS: PI_JT
2023-07-11 15:11:19,753 [INFO] Conexión exitosa!
2023-07-11 15:11:19,771 [INFO] Creando la tabla NUEVAS_FILAS...
2023-07-11 15:11:19,775 [INFO] Tabla NUEVAS_FILAS creada con éxito!
2023-07-11 15:11:19,778 [INFO] Creando la tabla NUEVAS_FILAS_STG...
2023-07-11 15:11:19,781 [INFO] Tabla NUEVAS_FILAS_STG creada con éxito!
2023-07-11 15:21:00,384 [INFO] Creando la conexión a la base de datos...
2023-07-11 15:21:00,384 [INFO] SERVIDOR: DESKTOP-T053MJ4\MSSQLSERVER,1433 | DRIVER: ODBC+Driver+17+for+SQL+Server | BASE DE DATOS: PI_JT
2023-07-11 15:21:00,535 [INFO] Conexión exitosa!
2023-07-11 15:21:00,545 [INFO] Creando la tabla NUEVAS_FILAS...
2023-07-11 15:21:00,549 [INFO] Tabla NUEVAS_FILAS creada con éxito!
2023-07-11 15:21:00,552 [INFO] Creando la tabla NUEVAS_FILAS_STG...
2023-07-11 15:21:00,555 [INFO] Tabla NUEVAS_FILAS_STG creada con éxito!
2023-07-11 15:23:59,136 [INFO] Actualizando el scheduler scheduler.xml...
2023-07-11 15:23:59,185 [INFO] scheduler.xml actualizado con éxito!
2023-07-11 15:23:59,185 [INFO] Creando la conexión a la base de datos...
2023-07-11 15:23:59,186 [INFO] SERVIDOR: DESKTOP-T053MJ4\MSSQLSERVER,1433 | DRIVER: ODBC+Driver+17+for+SQL+Server | BASE DE DATOS: PI_JT
2023-07-11 15:23:59,398 [INFO] Conexión exitosa!
2023-07-11 15:23:59,410 [INFO] Creando la tabla NUEVAS_FILAS...
2023-07-11 15:23:59,414 [INFO] Tabla NUEVAS_FILAS creada con éxito!
2023-07-11 15:23:59,417 [INFO] Creando la tabla NUEVAS_FILAS_STG...
2023-07-11 15:23:59,421 [INFO] Tabla NUEVAS_FILAS_STG creada con éxito!
2023-07-11 15:25:50,016 [INFO] Actualizando el scheduler scheduler.xml...
2023-07-11 15:25:50,076 [INFO] scheduler.xml actualizado con éxito!
2023-07-11 15:25:50,078 [INFO] Creando la conexión a la base de datos...
2023-07-11 15:25:50,079 [INFO] SERVIDOR: DESKTOP-T053MJ4\MSSQLSERVER,1433 | DRIVER: ODBC+Driver+17+for+SQL+Server | BASE DE DATOS: PI_JT
2023-07-11 15:25:50,274 [INFO] Conexión exitosa!
2023-07-11 15:25:50,286 [INFO] Creando la tabla NUEVAS_FILAS...
2023-07-11 15:25:50,292 [INFO] Tabla NUEVAS_FILAS creada con éxito!
2023-07-11 15:25:50,297 [INFO] Creando la tabla NUEVAS_FILAS_STG...
2023-07-11 15:25:50,302 [INFO] Tabla NUEVAS_FILAS_STG creada con éxito!
2023-07-11 15:26:32,169 [INFO] Actualizando el scheduler scheduler.xml...
2023-07-11 15:26:32,229 [INFO] scheduler.xml actualizado con éxito!
2023-07-11 15:26:32,230 [INFO] Creando la conexión a la base de datos...
2023-07-11 15:26:32,231 [INFO] SERVIDOR: DESKTOP-T053MJ4\MSSQLSERVER,1433 | DRIVER: ODBC+Driver+17+for+SQL+Server | BASE DE DATOS: PI_JT
2023-07-11 15:26:32,369 [INFO] Conexión exitosa!
2023-07-11 15:26:32,383 [INFO] Creando la tabla NUEVAS_FILAS...
2023-07-11 15:26:32,386 [INFO] Tabla NUEVAS_FILAS creada con éxito!
2023-07-11 15:26:32,389 [INFO] Creando la tabla NUEVAS_FILAS_STG...
2023-07-11 15:26:32,392 [INFO] Tabla NUEVAS_FILAS_STG creada con éxito!
2023-07-11 15:29:59,607 [INFO] Actualizando el scheduler scheduler.xml...
2023-07-11 15:29:59,658 [INFO] scheduler.xml actualizado con éxito!
2023-07-11 15:29:59,658 [INFO] Creando la conexión a la base de datos...
2023-07-11 15:29:59,659 [INFO] SERVIDOR: DESKTOP-T053MJ4\MSSQLSERVER,1433 | DRIVER: ODBC+Driver+17+for+SQL+Server | BASE DE DATOS: PI_JT
2023-07-11 15:29:59,839 [INFO] Conexión exitosa!
2023-07-11 15:29:59,851 [INFO] Creando la tabla NUEVAS_FILAS...
2023-07-11 15:29:59,856 [INFO] Tabla NUEVAS_FILAS creada con éxito!
2023-07-11 15:29:59,859 [INFO] Creando la tabla NUEVAS_FILAS_STG...
2023-07-11 15:29:59,862 [INFO] Tabla NUEVAS_FILAS_STG creada con éxito!
2023-07-11 15:30:07,627 [INFO] Actualizando el scheduler scheduler.xml...
2023-07-11 15:30:07,670 [INFO] scheduler.xml actualizado con éxito!
2023-07-11 15:30:07,670 [INFO] Creando la conexión a la base de datos...
2023-07-11 15:30:07,671 [INFO] SERVIDOR: DESKTOP-T053MJ4\MSSQLSERVER,1433 | DRIVER: ODBC+Driver+17+for+SQL+Server | BASE DE DATOS: PI_JT
2023-07-11 15:30:07,754 [INFO] Conexión exitosa!
2023-07-11 15:30:07,757 [INFO] Creando la tabla NUEVAS_FILAS...
2023-07-11 15:30:07,764 [INFO] Tabla NUEVAS_FILAS creada con éxito!
2023-07-11 15:30:07,767 [INFO] Creando la tabla NUEVAS_FILAS_STG...
2023-07-11 15:30:07,771 [INFO] Tabla NUEVAS_FILAS_STG creada con éxito!
2023-07-11 15:30:59,234 [INFO] Actualizando el scheduler scheduler.xml...
2023-07-11 15:30:59,289 [INFO] scheduler.xml actualizado con éxito!
2023-07-11 15:30:59,292 [INFO] Creando la conexión a la base de datos...
2023-07-11 15:30:59,294 [INFO] SERVIDOR: DESKTOP-T053MJ4\MSSQLSERVER,1433 | DRIVER: ODBC+Driver+17+for+SQL+Server | BASE DE DATOS: PI_JT
2023-07-11 15:30:59,481 [INFO] Conexión exitosa!
2023-07-11 15:30:59,496 [INFO] Creando la tabla NUEVAS_FILAS...
2023-07-11 15:30:59,500 [INFO] Tabla NUEVAS_FILAS creada con éxito!
2023-07-11 15:30:59,503 [INFO] Creando la tabla NUEVAS_FILAS_STG...
2023-07-11 15:30:59,507 [INFO] Tabla NUEVAS_FILAS_STG creada con éxito!
2023-07-11 15:31:19,749 [INFO] Actualizando el scheduler scheduler.xml...
2023-07-11 15:31:19,807 [INFO] scheduler.xml actualizado con éxito!
2023-07-11 15:31:19,808 [INFO] Creando la conexión a la base de datos...
2023-07-11 15:31:19,808 [INFO] SERVIDOR: DESKTOP-T053MJ4\MSSQLSERVER,1433 | DRIVER: ODBC+Driver+17+for+SQL+Server | BASE DE DATOS: PI_JT
2023-07-11 15:31:19,980 [INFO] Conexión exitosa!
2023-07-11 15:31:19,999 [INFO] Creando la tabla NUEVAS_FILAS...
2023-07-11 15:31:20,003 [INFO] Tabla NUEVAS_FILAS creada con éxito!
2023-07-11 15:31:20,006 [INFO] Creando la tabla NUEVAS_FILAS_STG...
2023-07-11 15:31:20,008 [INFO] Tabla NUEVAS_FILAS_STG creada con éxito!
2023-07-11 15:32:51,249 [INFO] Actualizando el scheduler scheduler.xml...
2023-07-11 15:33:02,464 [INFO] Actualizando el scheduler scheduler.xml...
2023-07-11 15:35:30,064 [INFO] Actualizando el scheduler scheduler.xml...
2023-07-11 15:35:30,125 [INFO] scheduler.xml actualizado con éxito!
2023-07-11 15:35:30,125 [INFO] Creando la conexión a la base de datos...
2023-07-11 15:35:30,126 [INFO] SERVIDOR: DESKTOP-T053MJ4\MSSQLSERVER,1433 | DRIVER: ODBC+Driver+17+for+SQL+Server | BASE DE DATOS: PI_JT
2023-07-11 15:35:30,302 [INFO] Conexión exitosa!
2023-07-11 15:35:30,330 [INFO] Creando la tabla NUEVAS_FILAS...
2023-07-11 15:35:30,334 [INFO] Tabla NUEVAS_FILAS creada con éxito!
2023-07-11 15:35:30,337 [INFO] Creando la tabla NUEVAS_FILAS_STG...
2023-07-11 15:35:30,340 [INFO] Tabla NUEVAS_FILAS_STG creada con éxito!
2023-07-11 15:36:46,652 [INFO] Actualizando el scheduler scheduler.xml...
2023-07-11 15:37:04,306 [INFO] Actualizando el scheduler scheduler.xml...
2023-07-11 15:37:04,355 [INFO] scheduler.xml actualizado con éxito!
2023-07-11 15:37:04,356 [INFO] Creando la conexión a la base de datos...
2023-07-11 15:37:04,356 [INFO] SERVIDOR: DESKTOP-T053MJ4\MSSQLSERVER,1433 | DRIVER: ODBC+Driver+17+for+SQL+Server | BASE DE DATOS: PI_JT
2023-07-11 15:37:04,522 [INFO] Conexión exitosa!
2023-07-11 15:37:04,547 [INFO] Creando la tabla NUEVAS_FILAS...
2023-07-11 15:37:04,552 [INFO] Tabla NUEVAS_FILAS creada con éxito!
2023-07-11 15:37:04,555 [INFO] Creando la tabla NUEVAS_FILAS_STG...
2023-07-11 15:37:04,558 [INFO] Tabla NUEVAS_FILAS_STG creada con éxito!
2023-07-11 15:40:06,899 [INFO] Actualizando el scheduler scheduler.xml...
2023-07-11 15:40:06,957 [INFO] scheduler.xml actualizado con éxito!
2023-07-11 15:40:06,958 [INFO] Creando la conexión a la base de datos...
2023-07-11 15:40:06,958 [INFO] SERVIDOR: DESKTOP-T053MJ4\MSSQLSERVER,1433 | DRIVER: ODBC+Driver+17+for+SQL+Server | BASE DE DATOS: PI_JT
2023-07-11 15:40:07,118 [INFO] Conexión exitosa!
2023-07-11 15:40:07,141 [INFO] Creando la tabla NUEVAS_FILAS...
2023-07-11 15:40:07,145 [INFO] Tabla NUEVAS_FILAS creada con éxito!
2023-07-11 15:40:07,148 [INFO] Creando la tabla NUEVAS_FILAS_STG...
2023-07-11 15:40:07,150 [INFO] Tabla NUEVAS_FILAS_STG creada con éxito!
2023-07-11 15:42:33,441 [INFO] Actualizando el scheduler scheduler.xml...
2023-07-11 15:42:33,483 [INFO] scheduler.xml actualizado con éxito!
2023-07-11 15:42:33,483 [INFO] Creando la conexión a la base de datos...
2023-07-11 15:42:33,484 [INFO] SERVIDOR: DESKTOP-T053MJ4\MSSQLSERVER,1433 | DRIVER: ODBC+Driver+17+for+SQL+Server | BASE DE DATOS: PI_JT
2023-07-11 15:42:33,647 [INFO] Conexión exitosa!
2023-07-11 15:42:33,665 [INFO] Creando la tabla NUEVAS_FILAS...
2023-07-11 15:42:33,669 [INFO] Tabla NUEVAS_FILAS creada con éxito!
2023-07-11 15:42:33,672 [INFO] Creando la tabla NUEVAS_FILAS_STG...
2023-07-11 15:42:33,675 [INFO] Tabla NUEVAS_FILAS_STG creada con éxito!
2023-07-11 15:43:35,665 [INFO] Actualizando el scheduler scheduler.xml...
2023-07-11 15:43:35,719 [INFO] scheduler.xml actualizado con éxito!
2023-07-11 15:43:35,719 [INFO] Creando la conexión a la base de datos...
2023-07-11 15:43:35,720 [INFO] SERVIDOR: DESKTOP-T053MJ4\MSSQLSERVER,1433 | DRIVER: ODBC+Driver+17+for+SQL+Server | BASE DE DATOS: PI_JT
2023-07-11 15:43:35,893 [INFO] Conexión exitosa!
2023-07-11 15:43:35,908 [INFO] Creando la tabla NUEVAS_FILAS...
2023-07-11 15:43:35,912 [INFO] Tabla NUEVAS_FILAS creada con éxito!
2023-07-11 15:43:35,914 [INFO] Creando la tabla NUEVAS_FILAS_STG...
2023-07-11 15:43:35,917 [INFO] Tabla NUEVAS_FILAS_STG creada con éxito!
2023-07-11 15:45:01,830 [INFO] Actualizando el scheduler scheduler.xml...
2023-07-11 15:45:01,893 [INFO] scheduler.xml actualizado con éxito!
2023-07-11 15:45:01,894 [INFO] Creando la conexión a la base de datos...
2023-07-11 15:45:01,894 [INFO] SERVIDOR: DESKTOP-T053MJ4\MSSQLSERVER,1433 | DRIVER: ODBC+Driver+17+for+SQL+Server | BASE DE DATOS: PI_JT
2023-07-11 15:45:02,079 [INFO] Conexión exitosa!
2023-07-11 15:45:02,091 [INFO] Creando la tabla NUEVAS_FILAS...
2023-07-11 15:45:02,094 [INFO] Tabla NUEVAS_FILAS creada con éxito!
2023-07-11 15:45:02,097 [INFO] Creando la tabla NUEVAS_FILAS_STG...
2023-07-11 15:45:02,099 [INFO] Tabla NUEVAS_FILAS_STG creada con éxito!
2023-07-11 15:45:02,825 [INFO] Actualizando el scheduler scheduler.xml...
2023-07-11 15:45:02,895 [INFO] scheduler.xml actualizado con éxito!
2023-07-11 15:45:02,896 [INFO] Creando la conexión a la base de datos...
2023-07-11 15:45:02,899 [INFO] SERVIDOR: DESKTOP-T053MJ4\MSSQLSERVER,1433 | DRIVER: ODBC+Driver+17+for+SQL+Server | BASE DE DATOS: PI_JT
2023-07-11 15:45:03,045 [INFO] Conexión exitosa!
2023-07-11 15:45:03,050 [INFO] Creando la tabla NUEVAS_FILAS...
2023-07-11 15:45:03,059 [INFO] Tabla NUEVAS_FILAS creada con éxito!
2023-07-11 15:45:03,062 [INFO] Creando la tabla NUEVAS_FILAS_STG...
2023-07-11 15:45:03,066 [INFO] Tabla NUEVAS_FILAS_STG creada con éxito!
2023-07-11 15:46:20,926 [INFO] Actualizando el scheduler scheduler.xml...
2023-07-11 15:46:20,984 [INFO] scheduler.xml actualizado con éxito!
2023-07-11 15:46:20,985 [INFO] Creando la conexión a la base de datos...
2023-07-11 15:46:20,985 [INFO] SERVIDOR: DESKTOP-T053MJ4\MSSQLSERVER,1433 | DRIVER: ODBC+Driver+17+for+SQL+Server | BASE DE DATOS: PI_JT
2023-07-11 15:46:21,124 [INFO] Conexión exitosa!
2023-07-11 15:46:21,144 [INFO] Creando la tabla NUEVAS_FILAS...
2023-07-11 15:46:21,148 [INFO] Tabla NUEVAS_FILAS creada con éxito!
2023-07-11 15:46:21,151 [INFO] Creando la tabla NUEVAS_FILAS_STG...
2023-07-11 15:46:21,153 [INFO] Tabla NUEVAS_FILAS_STG creada con éxito!
2023-07-11 15:46:30,712 [INFO] Actualizando el scheduler scheduler.xml...
2023-07-11 15:46:30,770 [INFO] scheduler.xml actualizado con éxito!
2023-07-11 15:46:30,770 [INFO] Creando la conexión a la base de datos...
2023-07-11 15:46:30,771 [INFO] SERVIDOR: DESKTOP-T053MJ4\MSSQLSERVER,1433 | DRIVER: ODBC+Driver+17+for+SQL+Server | BASE DE DATOS: PI_JT
2023-07-11 15:46:30,939 [INFO] Conexión exitosa!
2023-07-11 15:46:30,948 [INFO] Creando la tabla NUEVAS_FILAS...
2023-07-11 15:46:30,954 [INFO] Tabla NUEVAS_FILAS creada con éxito!
2023-07-11 15:46:30,956 [INFO] Creando la tabla NUEVAS_FILAS_STG...
2023-07-11 15:46:30,959 [INFO] Tabla NUEVAS_FILAS_STG creada con éxito!
